time=2024-07-17T17:23:32.342+05:00 level=ERROR msg="error getting data: pq: relation \"refresh_tokens\" does not exist"
time=2024-07-17T20:53:25.608+05:00 level=ERROR msg="error getting data: pq: relation \"eco_points\" does not exist"
time=2024-07-17T20:55:29.200+05:00 level=ERROR msg="error getting data: pq: relation \"ecopoints\" does not exist"
time=2024-07-17T20:56:56.666+05:00 level=ERROR msg="error getting data: pq: relation \"eco_points\" does not exist"
time=2024-07-17T20:57:20.613+05:00 level=ERROR msg="error getting data: pq: column \"user_id\" of relation \"users\" does not exist"
time=2024-07-17T21:01:23.202+05:00 level=ERROR msg="error getting data: pq: column \"user_id\" of relation \"users\" does not exist"
time=2024-07-17T21:02:57.167+05:00 level=ERROR msg="error getting data: pq: column \"user_id\" of relation \"users\" does not exist"
time=2024-07-17T21:03:04.457+05:00 level=ERROR msg="error getting data: pq: column \"user_id\" of relation \"users\" does not exist"
time=2024-07-17T21:04:14.509+05:00 level=ERROR msg="error getting data: pq: column \"user_id\" of relation \"users\" does not exist"
time=2024-07-17T21:10:27.043+05:00 level=ERROR msg="error getting data: pq: column \"points\" of relation \"users\" does not exist"
time=2024-07-17T21:12:32.881+05:00 level=ERROR msg="error getting data: pq: column \"reason\" of relation \"users\" does not exist"
time=2024-07-17T21:15:46.648+05:00 level=ERROR msg="error getting data: pq: column \"timestamp\" of relation \"users\" does not exist"
time=2024-07-17T21:17:53.823+05:00 level=ERROR msg="error getting data: pq: null value in column \"id\" of relation \"users\" violates not-null constraint"
time=2024-07-17T21:20:39.788+05:00 level=ERROR msg="error getting data: pq: null value in column \"username\" of relation \"users\" violates not-null constraint"
time=2024-07-17T21:22:47.108+05:00 level=ERROR msg="error getting data: pq: null value in column \"email\" of relation \"users\" violates not-null constraint"
time=2024-07-17T21:23:20.723+05:00 level=ERROR msg="error getting data: pq: null value in column \"password\" of relation \"users\" violates not-null constraint"
time=2024-07-17T21:54:14.326+05:00 level=ERROR msg="error getting data: pq: null value in column \"fullname\" of relation \"users\" violates not-null constraint"
time=2024-07-17T22:11:38.627+05:00 level=ERROR msg="error getting data: pq: column \"username\" of relation \"users\" does not exist"
time=2024-07-17T22:17:08.414+05:00 level=ERROR msg="error getting data: pq: INSERT has more expressions than target columns"
time=2024-07-17T22:17:12.654+05:00 level=ERROR msg="error getting data: pq: INSERT has more expressions than target columns"
time=2024-07-17T22:17:45.326+05:00 level=ERROR msg="error getting data: pq: INSERT has more expressions than target columns"
time=2024-07-17T22:21:28.766+05:00 level=ERROR msg="error getting data: pq: invalid input syntax for type uuid: \"string\""
time=2024-07-17T22:22:34.388+05:00 level=ERROR msg="error getting data: pq: relation \"refresh_tokens\" does not exist"
time=2024-07-17T22:27:02.559+05:00 level=ERROR msg="error getting data: pq: column \"token\" of relation \"users\" does not exist"
time=2024-07-17T22:27:52.812+05:00 level=ERROR msg="error getting data: pq: column \"expires_at\" of relation \"users\" does not exist"
time=2024-07-17T22:28:26.918+05:00 level=ERROR msg="error getting data: pq: column \"expires_in\" of relation \"users\" does not exist"
time=2024-07-17T22:30:34.490+05:00 level=ERROR msg="error getting data: pq: got 4 parameters but the statement requires 3"
time=2024-07-17T22:32:55.437+05:00 level=ERROR msg="error getting data: pq: got 4 parameters but the statement requires 3"
time=2024-07-17T22:38:16.670+05:00 level=ERROR msg="error getting data: pq: got 4 parameters but the statement requires 3"
time=2024-07-17T23:04:07.015+05:00 level=ERROR msg="error getting data: pq: column \"username\" does not exist"
time=2024-07-17T23:04:51.525+05:00 level=ERROR msg="error getting data: pq: column \"username\" does not exist"
time=2024-07-17T23:45:02.418+05:00 level=ERROR msg="error getting data: pq: column \"eco_points\" does not exist"
time=2024-07-17T23:48:43.774+05:00 level=ERROR msg="error getting data: sql: no rows in result set"
time=2024-07-17T23:50:25.444+05:00 level=ERROR msg="error getting data: sql: no rows in result set"
time=2024-07-17T23:54:00.041+05:00 level=ERROR msg="error getting data: sql: no rows in result set"
